This is pdfTeXk, Version 3.141592-1.40.3 (Web2C 7.5.6) (format=pdflatex 2013.8.15)  29 APR 2014 11:32
entering extended mode
 %&-line parsing enabled.
**landauwriteup.tex
(./landauwriteup.tex
LaTeX2e <2005/12/01>
Babel <v3.8h> and hyphenation patterns for english, usenglishmax, dumylang, noh
yphenation, arabic, basque, bulgarian, coptic, welsh, czech, slovak, german, ng
erman, danish, esperanto, spanish, catalan, galician, estonian, farsi, finnish,
 french, greek, monogreek, ancientgreek, croatian, hungarian, interlingua, ibyc
us, indonesian, icelandic, italian, latin, mongolian, dutch, norsk, polish, por
tuguese, pinyin, romanian, russian, slovenian, uppersorbian, serbian, swedish, 
turkish, ukenglish, ukrainian, loaded.
(/home/Docs5/anna.hauber/linuxhome/texmf/tex/latex/ucc/uccthesis.cls

LaTeX Warning: You have requested release `2009/09/24' of LaTeX,
               but only release `2005/12/01' is available.

Document Class: uccthesis 2014/01/27 v1.17 Typesetting a UCC thesis with LaTeX
(/usr/share/texmf/tex/latex/base/ifthen.sty
Package: ifthen 2001/05/26 v1.1c Standard LaTeX ifthen package (DPC)
)
(/usr/share/texmf/tex/latex/base/report.cls
Document Class: report 2005/09/16 v1.4f Standard LaTeX document class
(/usr/share/texmf/tex/latex/base/size11.clo
File: size11.clo 2005/09/16 v1.4f Standard LaTeX file (size option)
)
\c@part=\count79
\c@chapter=\count80
\c@section=\count81
\c@subsection=\count82
\c@subsubsection=\count83
\c@paragraph=\count84
\c@subparagraph=\count85
\c@figure=\count86
\c@table=\count87
\abovecaptionskip=\skip41
\belowcaptionskip=\skip42
\bibindent=\dimen102
)
(/usr/share/texmf/tex/latex/base/inputenc.sty
Package: inputenc 2006/05/05 v1.1b Input encoding file
\inpenc@prehook=\toks14
\inpenc@posthook=\toks15

(/usr/share/texmf/tex/latex/ucs/utf8x.def
File: utf8x.def 2004/10/17 UCS: Input encoding UTF-8
))
(/usr/share/texmf/tex/latex/ucs/ucs.sty
Package: ucs 2004/10/17 UCS: Unicode input support

(/usr/share/texmf/tex/latex/ucs/data/uni-global.def
File: uni-global.def 2004/10/17 UCS: Unicode global data
)
\uc@secondtry=\count88
\uc@combtoks=\toks16
\uc@combtoksb=\toks17
\uc@temptokena=\toks18
)
(/usr/share/texmf/tex/latex/ucs/data/uni-32.def
File: uni-32.def 2004/10/17 UCS: Unicode data U+2000..U+20FF
)
(/usr/share/texmf/tex/latex/ucs/data/uni-1.def
File: uni-1.def 2004/10/17 UCS: Unicode data U+0100..U+01FF
)
(/usr/share/texmf/tex/latex/ucs/data/uni-0.def
File: uni-0.def 2004/10/17 UCS: Unicode data U+0000..U+00FF
)
(/usr/share/texmf/tex/latex/base/fontenc.sty
Package: fontenc 2005/09/27 v1.99g Standard LaTeX package

(/usr/share/texmf/tex/latex/base/t1enc.def
File: t1enc.def 2005/09/27 v1.99g Standard LaTeX file
LaTeX Font Info:    Redeclaring font encoding T1 on input line 43.
))
(/usr/share/texmf/tex/latex/geometry/geometry.sty
Package: geometry 2002/07/08 v3.2 Page Geometry

(/usr/share/texmf/tex/latex/graphics/keyval.sty
Package: keyval 1999/03/16 v1.13 key=value parser (DPC)
\KV@toks@=\toks19
)
\Gm@cnth=\count89
\Gm@cntv=\count90
\c@Gm@tempcnt=\count91
\Gm@bindingoffset=\dimen103
\Gm@wd@mp=\dimen104
\Gm@odd@mp=\dimen105
\Gm@even@mp=\dimen106
\Gm@dimlist=\toks20

(/usr/share/texmf/tex/xelatex/xetexconfig/geometry.cfg))
(/usr/share/texmf/tex/latex/lm/lmodern.sty
Package: lmodern 2007/01/14 v1.3 Latin Modern Fonts
LaTeX Font Info:    Overwriting symbol font `operators' in version `normal'
(Font)                  OT1/cmr/m/n --> OT1/lmr/m/n on input line 13.
LaTeX Font Info:    Overwriting symbol font `letters' in version `normal'
(Font)                  OML/cmm/m/it --> OML/lmm/m/it on input line 14.
LaTeX Font Info:    Overwriting symbol font `symbols' in version `normal'
(Font)                  OMS/cmsy/m/n --> OMS/lmsy/m/n on input line 15.
LaTeX Font Info:    Overwriting symbol font `largesymbols' in version `normal'
(Font)                  OMX/cmex/m/n --> OMX/lmex/m/n on input line 16.
LaTeX Font Info:    Overwriting symbol font `operators' in version `bold'
(Font)                  OT1/cmr/bx/n --> OT1/lmr/bx/n on input line 17.
LaTeX Font Info:    Overwriting symbol font `letters' in version `bold'
(Font)                  OML/cmm/b/it --> OML/lmm/b/it on input line 18.
LaTeX Font Info:    Overwriting symbol font `symbols' in version `bold'
(Font)                  OMS/cmsy/b/n --> OMS/lmsy/b/n on input line 19.
LaTeX Font Info:    Overwriting symbol font `largesymbols' in version `bold'
(Font)                  OMX/cmex/m/n --> OMX/lmex/m/n on input line 20.
LaTeX Font Info:    Overwriting math alphabet `\mathbf' in version `normal'
(Font)                  OT1/cmr/bx/n --> OT1/lmr/bx/n on input line 22.
LaTeX Font Info:    Overwriting math alphabet `\mathsf' in version `normal'
(Font)                  OT1/cmss/m/n --> OT1/lmss/m/n on input line 23.
LaTeX Font Info:    Overwriting math alphabet `\mathit' in version `normal'
(Font)                  OT1/cmr/m/it --> OT1/lmr/m/it on input line 24.
LaTeX Font Info:    Overwriting math alphabet `\mathtt' in version `normal'
(Font)                  OT1/cmtt/m/n --> OT1/lmtt/m/n on input line 25.
LaTeX Font Info:    Overwriting math alphabet `\mathbf' in version `bold'
(Font)                  OT1/cmr/bx/n --> OT1/lmr/bx/n on input line 26.
LaTeX Font Info:    Overwriting math alphabet `\mathsf' in version `bold'
(Font)                  OT1/cmss/bx/n --> OT1/lmss/bx/n on input line 27.
LaTeX Font Info:    Overwriting math alphabet `\mathit' in version `bold'
(Font)                  OT1/cmr/bx/it --> OT1/lmr/bx/it on input line 28.
LaTeX Font Info:    Overwriting math alphabet `\mathtt' in version `bold'
(Font)                  OT1/cmtt/m/n --> OT1/lmtt/m/n on input line 29.
)
(/usr/share/texmf/tex/latex/html/url.sty
Package: url 1999/03/02  ver 1.4  Verb mode for urls, email addresses, and file
 names
)
(/usr/share/texmf/tex/latex/graphics/graphicx.sty
Package: graphicx 1999/02/16 v1.0f Enhanced LaTeX Graphics (DPC,SPQR)

(/usr/share/texmf/tex/latex/graphics/graphics.sty
Package: graphics 2006/02/20 v1.0o Standard LaTeX Graphics (DPC,SPQR)

(/usr/share/texmf/tex/latex/graphics/trig.sty
Package: trig 1999/03/16 v1.09 sin cos tan (DPC)
)
(/usr/share/texmf/tex/latex/config/graphics.cfg
File: graphics.cfg 2007/01/18 v1.5 graphics configuration of teTeX/TeXLive
)
Package graphics Info: Driver file: pdftex.def on input line 90.

(/usr/share/texmf/tex/latex/pdftex-def/pdftex.def
File: pdftex.def 2007/01/08 v0.04d Graphics/color for pdfTeX
\Gread@gobject=\count92
))
\Gin@req@height=\dimen107
\Gin@req@width=\dimen108
)
(/usr/share/texmf/tex/latex/tools/array.sty
Package: array 2005/08/23 v2.4b Tabular extension package (FMi)
\col@sep=\dimen109
\extrarowheight=\dimen110
\NC@list=\toks21
\extratabsurround=\skip43
\backup@length=\skip44
)
(/usr/share/texmf/tex/latex/tools/calc.sty
Package: calc 2005/08/06 v4.2 Infix arithmetic (KKT,FJ)
\calc@Acount=\count93
\calc@Bcount=\count94
\calc@Adimen=\dimen111
\calc@Bdimen=\dimen112
\calc@Askip=\skip45
\calc@Bskip=\skip46
LaTeX Info: Redefining \setlength on input line 75.
LaTeX Info: Redefining \addtolength on input line 76.
\calc@Ccount=\count95
\calc@Cskip=\skip47
)
(/usr/share/texmf/tex/latex/soul/soul.sty
Package: soul 2003/11/17 v2.4 letterspacing/underlining (mf)
\SOUL@word=\toks22
\SOUL@lasttoken=\toks23
\SOUL@cmds=\toks24
\SOUL@buffer=\toks25
\SOUL@token=\toks26
\SOUL@spaceskip=\skip48
\SOUL@ttwidth=\dimen113
\SOUL@uldp=\dimen114
\SOUL@ulht=\dimen115
)
(/usr/share/texmf/tex/latex/base/textcomp.sty
Package: textcomp 2005/09/27 v1.99g Standard LaTeX package
Package textcomp Info: Sub-encoding information:
(textcomp)               5 = only ISO-Adobe without \textcurrency
(textcomp)               4 = 5 + \texteuro
(textcomp)               3 = 4 + \textohm
(textcomp)               2 = 3 + \textestimated + \textcurrency
(textcomp)               1 = TS1 - \textcircled - \t
(textcomp)               0 = TS1 (full)
(textcomp)             Font families with sub-encoding setting implement
(textcomp)             only a restricted character set as indicated.
(textcomp)             Family '?' is the default used for unknown fonts.
(textcomp)             See the documentation for details.
Package textcomp Info: Setting ? sub-encoding to TS1/1 on input line 71.

(/usr/share/texmf/tex/latex/base/ts1enc.def
File: ts1enc.def 2001/06/05 v3.0e (jk/car/fm) Standard LaTeX file
)
LaTeX Info: Redefining \oldstylenums on input line 266.
Package textcomp Info: Setting cmr sub-encoding to TS1/0 on input line 281.
Package textcomp Info: Setting cmss sub-encoding to TS1/0 on input line 282.
Package textcomp Info: Setting cmtt sub-encoding to TS1/0 on input line 283.
Package textcomp Info: Setting cmvtt sub-encoding to TS1/0 on input line 284.
Package textcomp Info: Setting cmbr sub-encoding to TS1/0 on input line 285.
Package textcomp Info: Setting cmtl sub-encoding to TS1/0 on input line 286.
Package textcomp Info: Setting ccr sub-encoding to TS1/0 on input line 287.
Package textcomp Info: Setting ptm sub-encoding to TS1/4 on input line 288.
Package textcomp Info: Setting pcr sub-encoding to TS1/4 on input line 289.
Package textcomp Info: Setting phv sub-encoding to TS1/4 on input line 290.
Package textcomp Info: Setting ppl sub-encoding to TS1/3 on input line 291.
Package textcomp Info: Setting pag sub-encoding to TS1/4 on input line 292.
Package textcomp Info: Setting pbk sub-encoding to TS1/4 on input line 293.
Package textcomp Info: Setting pnc sub-encoding to TS1/4 on input line 294.
Package textcomp Info: Setting pzc sub-encoding to TS1/4 on input line 295.
Package textcomp Info: Setting bch sub-encoding to TS1/4 on input line 296.
Package textcomp Info: Setting put sub-encoding to TS1/5 on input line 297.
Package textcomp Info: Setting uag sub-encoding to TS1/5 on input line 298.
Package textcomp Info: Setting ugq sub-encoding to TS1/5 on input line 299.
Package textcomp Info: Setting ul8 sub-encoding to TS1/4 on input line 300.
Package textcomp Info: Setting ul9 sub-encoding to TS1/4 on input line 301.
Package textcomp Info: Setting augie sub-encoding to TS1/5 on input line 302.
Package textcomp Info: Setting dayrom sub-encoding to TS1/3 on input line 303.
Package textcomp Info: Setting dayroms sub-encoding to TS1/3 on input line 304.

Package textcomp Info: Setting pxr sub-encoding to TS1/0 on input line 305.
Package textcomp Info: Setting pxss sub-encoding to TS1/0 on input line 306.
Package textcomp Info: Setting pxtt sub-encoding to TS1/0 on input line 307.
Package textcomp Info: Setting txr sub-encoding to TS1/0 on input line 308.
Package textcomp Info: Setting txss sub-encoding to TS1/0 on input line 309.
Package textcomp Info: Setting txtt sub-encoding to TS1/0 on input line 310.
Package textcomp Info: Setting futs sub-encoding to TS1/4 on input line 311.
Package textcomp Info: Setting futx sub-encoding to TS1/4 on input line 312.
Package textcomp Info: Setting futj sub-encoding to TS1/4 on input line 313.
Package textcomp Info: Setting hlh sub-encoding to TS1/3 on input line 314.
Package textcomp Info: Setting hls sub-encoding to TS1/3 on input line 315.
Package textcomp Info: Setting hlst sub-encoding to TS1/3 on input line 316.
Package textcomp Info: Setting hlct sub-encoding to TS1/5 on input line 317.
Package textcomp Info: Setting hlx sub-encoding to TS1/5 on input line 318.
Package textcomp Info: Setting hlce sub-encoding to TS1/5 on input line 319.
Package textcomp Info: Setting hlcn sub-encoding to TS1/5 on input line 320.
Package textcomp Info: Setting hlcw sub-encoding to TS1/5 on input line 321.
Package textcomp Info: Setting hlcf sub-encoding to TS1/5 on input line 322.
Package textcomp Info: Setting pplx sub-encoding to TS1/3 on input line 323.
Package textcomp Info: Setting pplj sub-encoding to TS1/3 on input line 324.
Package textcomp Info: Setting ptmx sub-encoding to TS1/4 on input line 325.
Package textcomp Info: Setting ptmj sub-encoding to TS1/4 on input line 326.
)
(/home/Docs5/anna.hauber/linuxhome/texmf/tex/latex/ucc/ucccrest.sty

LaTeX Warning: You have requested release `2009/09/24' of LaTeX,
               but only release `2005/12/01' is available.

Package: ucccrest 2014/01/27 v1.17 LaTeX style file for the UCC crest
Package: ucccrest 2012/11/22 2.0 UCC 2013 crest font MFNFSS2e package
) (/usr/share/texmf/tex/latex/setspace/setspace.sty
Package: setspace 2000/12/01 6.7 Contributed and Supported LaTeX2e package

Package: `setspace' 6.7 <2000/12/01>
) (/usr/share/texmf/tex/latex/float/float.sty
Package: float 2001/11/08 v1.3d Float enhancements (AL)
\c@float@type=\count96
\float@exts=\toks27
\float@box=\box26
\@float@everytoks=\toks28
\@floatcapt=\box27
)
(/usr/share/texmf/tex/latex/ccaption/ccaption.sty
Package: ccaption 2005/03/29 v3.2a Extended captioning and new floats
\@contcwidth=\skip49
\@contindw=\skip50
\abovelegendskip=\skip51
\belowlegendskip=\skip52
\c@newflo@tctr=\count97
)
(/usr/share/texmf/tex/latex/footmisc/footmisc.sty
Package: footmisc 2005/03/17 v5.3d a miscellany of footnote facilities
\FN@temptoken=\toks29
\footnotemargin=\dimen116


LaTeX Warning: Command \@makecol  has changed.
               Check if current package is valid.

\c@pp@next@reset=\count98
Package footmisc Info: Declaring symbol style bringhurst on input line 817.
Package footmisc Info: Declaring symbol style chicago on input line 818.
Package footmisc Info: Declaring symbol style wiley on input line 819.
Package footmisc Info: Declaring symbol style lamport-robust on input line 823.

Package footmisc Info: Declaring symbol style lamport* on input line 831.
Package footmisc Info: Declaring symbol style lamport*-robust on input line 840
.
) (/usr/share/texmf/tex/latex/ltxmisc/parskip.sty
Package: parskip 2001/04/09 non-zero parskip adjustments
)
\UCC@textbodywidth=\skip53
 Fancy mode 
(/usr/share/texmf/tex/latex/fancyhdr/fancyhdr.sty
\fancy@headwidth=\skip54
\f@ncyO@elh=\skip55
\f@ncyO@erh=\skip56
\f@ncyO@olh=\skip57
\f@ncyO@orh=\skip58
\f@ncyO@elf=\skip59
\f@ncyO@erf=\skip60
\f@ncyO@olf=\skip61
\f@ncyO@orf=\skip62
) One-sided plain
\rheadhang=\skip63

One-sided fancy headers One-sided fancy footers
\c@hours=\count99
\c@minutes=\count100
\c@temp=\count101
\mainparskip=\skip64
\mainparindent=\skip65
LaTeX Info: Redefining \so on input line 1531.
\@float@every@table=\toks30
\@float@every@figure=\toks31
 UCC thesis class loaded)
(/usr/share/texmf/tex/latex/graphics/color.sty
Package: color 2005/11/14 v1.0j Standard LaTeX Color (DPC)

(/usr/share/texmf/tex/latex/config/color.cfg
File: color.cfg 2007/01/18 v1.5 color configuration of teTeX/TeXLive
)
Package color Info: Driver file: pdftex.def on input line 130.
)
(/usr/share/texmf/tex/latex/amsmath/amsmath.sty
Package: amsmath 2000/07/18 v2.13 AMS math features
\@mathmargin=\skip66

For additional information on amsmath, use the `?' option.
(/usr/share/texmf/tex/latex/amsmath/amstext.sty
Package: amstext 2000/06/29 v2.01

(/usr/share/texmf/tex/latex/amsmath/amsgen.sty
File: amsgen.sty 1999/11/30 v2.0
\@emptytoks=\toks32
\ex@=\dimen117
))
(/usr/share/texmf/tex/latex/amsmath/amsbsy.sty
Package: amsbsy 1999/11/29 v1.2d
\pmbraise@=\dimen118
)
(/usr/share/texmf/tex/latex/amsmath/amsopn.sty
Package: amsopn 1999/12/14 v2.01 operator names
)
\inf@bad=\count102
LaTeX Info: Redefining \frac on input line 211.
\uproot@=\count103
\leftroot@=\count104
LaTeX Info: Redefining \overline on input line 307.
\classnum@=\count105
\DOTSCASE@=\count106
LaTeX Info: Redefining \ldots on input line 379.
LaTeX Info: Redefining \dots on input line 382.
LaTeX Info: Redefining \cdots on input line 467.
\Mathstrutbox@=\box28
\strutbox@=\box29
\big@size=\dimen119
LaTeX Font Info:    Redeclaring font encoding OML on input line 567.
LaTeX Font Info:    Redeclaring font encoding OMS on input line 568.
\macc@depth=\count107
\c@MaxMatrixCols=\count108
\dotsspace@=\muskip10
\c@parentequation=\count109
\dspbrk@lvl=\count110
\tag@help=\toks33
\row@=\count111
\column@=\count112
\maxfields@=\count113
\andhelp@=\toks34
\eqnshift@=\dimen120
\alignsep@=\dimen121
\tagshift@=\dimen122
\tagwidth@=\dimen123
\totwidth@=\dimen124
\lineht@=\dimen125
\@envbody=\toks35
\multlinegap=\skip67
\multlinetaggap=\skip68
\mathdisplay@stack=\toks36
LaTeX Info: Redefining \[ on input line 2666.
LaTeX Info: Redefining \] on input line 2667.
)
(/usr/share/texmf/tex/latex/amscls/amsthm.sty
Package: amsthm 2004/08/06 v2.20
\thm@style=\toks37
\thm@bodyfont=\toks38
\thm@headfont=\toks39
\thm@notefont=\toks40
\thm@headpunct=\toks41
\thm@preskip=\skip69
\thm@postskip=\skip70
\thm@headsep=\skip71
\dth@everypar=\toks42
)
(/usr/share/texmf/tex/latex/amsfonts/amssymb.sty
Package: amssymb 2002/01/22 v2.2d

(/usr/share/texmf/tex/latex/amsfonts/amsfonts.sty
Package: amsfonts 2001/10/25 v2.2f
\symAMSa=\mathgroup4
\symAMSb=\mathgroup5
LaTeX Font Info:    Overwriting math alphabet `\mathfrak' in version `bold'
(Font)                  U/euf/m/n --> U/euf/b/n on input line 132.
))
(/usr/share/texmf/tex/latex/base/latexsym.sty
Package: latexsym 1998/08/17 v2.2e Standard LaTeX package (lasy symbols)
\symlasy=\mathgroup6
LaTeX Font Info:    Overwriting symbol font `lasy' in version `bold'
(Font)                  U/lasy/m/n --> U/lasy/b/n on input line 47.
)
(/usr/share/texmf/tex/generic/babel/babel.sty
Package: babel 2005/11/23 v3.8h The Babel package

(/usr/share/texmf/tex/generic/babel/english.ldf
Language: english 2005/03/30 v3.3o English support from the babel system

(/usr/share/texmf/tex/generic/babel/babel.def
File: babel.def 2005/11/23 v3.8h Babel common definitions
\babel@savecnt=\count114
\U@D=\dimen126
)
\l@british = a dialect from \language\l@english 
\l@UKenglish = a dialect from \language\l@english 
\l@canadian = a dialect from \language\l@american 
\l@australian = a dialect from \language\l@british 
\l@newzealand = a dialect from \language\l@british 
))
(/usr/share/texmf/tex/latex/oberdiek/pdflscape.sty
Package: pdflscape 2006/04/24 v0.6 Landscape pages in PDF (HO)

(/usr/share/texmf/tex/latex/graphics/lscape.sty
Package: lscape 2000/10/22 v3.01 Landscape Pages (DPC)
)
Package pdflscape Info: Auto-detected driver: `pdftex' on input line 70.
)
(/usr/share/texmf/tex/latex/oberdiek/twoopt.sty
Package: twoopt 2006/02/20 v1.4 Definitions with two optional arguments (HO)
) No short title
(./landauwriteup.aux

LaTeX Warning: Label `eq:Int_mu_x' multiply defined.


LaTeX Warning: Label `eq:fsumrule_lindhard_undamped' multiply defined.


LaTeX Warning: Label `eq:e-e-fermi-golden-rule' multiply defined.


LaTeX Warning: Label `eq:Wk-kw' multiply defined.


LaTeX Warning: Label `eq:Wk-kw' multiply defined.


LaTeX Warning: Label `eq:Boltzmann-1b' multiply defined.


LaTeX Warning: Label `eq:Boltzmann-1-elastic' multiply defined.


LaTeX Warning: Label `eq:Scattering-rate4' multiply defined.


LaTeX Warning: Label `eq:Scattering-rate4' multiply defined.

)
\openout1 = `landauwriteup.aux'.

LaTeX Font Info:    Checking defaults for OML/cmm/m/it on input line 58.
LaTeX Font Info:    ... okay on input line 58.
LaTeX Font Info:    Checking defaults for T1/cmr/m/n on input line 58.
LaTeX Font Info:    ... okay on input line 58.
LaTeX Font Info:    Checking defaults for OT1/cmr/m/n on input line 58.
LaTeX Font Info:    ... okay on input line 58.
LaTeX Font Info:    Checking defaults for OMS/cmsy/m/n on input line 58.
LaTeX Font Info:    ... okay on input line 58.
LaTeX Font Info:    Checking defaults for OMX/cmex/m/n on input line 58.
LaTeX Font Info:    ... okay on input line 58.
LaTeX Font Info:    Checking defaults for U/cmr/m/n on input line 58.
LaTeX Font Info:    ... okay on input line 58.
LaTeX Font Info:    Checking defaults for TS1/cmr/m/n on input line 58.
LaTeX Font Info:    Try loading font information for TS1+cmr on input line 58.
 (/usr/share/texmf/tex/latex/base/ts1cmr.fd
File: ts1cmr.fd 1999/05/25 v2.5h Standard LaTeX font definitions
)
LaTeX Font Info:    ... okay on input line 58.
LaTeX Font Info:    Try loading font information for T1+lmr on input line 58.

(/usr/share/texmf/tex/latex/lm/t1lmr.fd
File: t1lmr.fd 2007/01/14 v1.3 Font defs for Latin Modern
)
(/usr/share/texmf/tex/latex/ucs/ucsencs.def
File: ucsencs.def 2003/11/29 Fixes to fontencodings LGR, T3
)
-------------------- Geometry parameters
paper: class default
landscape: --
twocolumn: --
twoside: --
asymmetric: --
h-parts: 113.81102pt, 412.56497pt, 71.13188pt
v-parts: 85.35826pt, 674.33032pt, 85.35826pt
hmarginratio: --
vmarginratio: --
lines: --
heightrounded: --
bindingoffset: 0.0pt
truedimen: --
includehead: --
includefoot: --
includemp: --
driver: pdftex
-------------------- Page layout dimensions and switches
\paperwidth  597.50787pt
\paperheight 845.04684pt
\textwidth  412.56497pt
\textheight 674.33032pt
\oddsidemargin  41.54103pt
\evensidemargin 41.54103pt
\topmargin  -33.91173pt
\headheight 32.0pt
\headsep    25.0pt
\footskip   30.0pt
\marginparwidth 50.0pt
\marginparsep   10.0pt
\columnsep  10.0pt
\skip\footins  10.0pt plus 4.0pt minus 2.0pt
\hoffset 0.0pt
\voffset 0.0pt
\mag 1000

(1in=72.27pt, 1cm=28.45pt)
-----------------------
LaTeX Font Info:    Try loading font information for U+zcc on input line 65.

(/home/Docs5/anna.hauber/linuxhome/texmf/tex/latex/ucc/uzcc.fd
File: uzcc.fd 2000/03/23 UCC crest definitions for U/zcc.
)
LaTeX Font Info:    Try loading font information for OT1+lmr on input line 65.

(/usr/share/texmf/tex/latex/lm/ot1lmr.fd
File: ot1lmr.fd 2007/01/14 v1.3 Font defs for Latin Modern
)
LaTeX Font Info:    Try loading font information for OML+lmm on input line 65.

(/usr/share/texmf/tex/latex/lm/omllmm.fd
File: omllmm.fd 2007/01/14 v1.3 Font defs for Latin Modern
)
LaTeX Font Info:    Try loading font information for OMS+lmsy on input line 65.


(/usr/share/texmf/tex/latex/lm/omslmsy.fd
File: omslmsy.fd 2007/01/14 v1.3 Font defs for Latin Modern
)
LaTeX Font Info:    Try loading font information for OMX+lmex on input line 65.


(/usr/share/texmf/tex/latex/lm/omxlmex.fd
File: omxlmex.fd 2007/01/14 v1.3 Font defs for Latin Modern
)
LaTeX Font Info:    External font `lmex10' loaded for size
(Font)              <10.95> on input line 65.
LaTeX Font Info:    External font `lmex10' loaded for size
(Font)              <8> on input line 65.
LaTeX Font Info:    External font `lmex10' loaded for size
(Font)              <6> on input line 65.
LaTeX Font Info:    Try loading font information for U+msa on input line 65.

(/usr/share/texmf/tex/latex/amsfonts/umsa.fd
File: umsa.fd 2002/01/19 v2.2g AMS font definitions
)
LaTeX Font Info:    Try loading font information for U+msb on input line 65.

(/usr/share/texmf/tex/latex/amsfonts/umsb.fd
File: umsb.fd 2002/01/19 v2.2g AMS font definitions
)
LaTeX Font Info:    Try loading font information for U+lasy on input line 65.

(/usr/share/texmf/tex/latex/base/ulasy.fd
File: ulasy.fd 1998/08/17 v2.2e LaTeX symbol font definitions
) [1

{/usr/share/texmf/fonts/map/pdftex/updmap/pdftex.map}] (./landauwriteup.toc
LaTeX Font Info:    Try loading font information for U+euf on input line 22.

(/usr/share/texmf/tex/latex/amsfonts/ueuf.fd
File: ueuf.fd 2002/01/19 v2.2g AMS font definitions
) [1

])
\tf@toc=\write3
\openout3 = `landauwriteup.toc'.

 [2] [3

]
Chapter 1.
LaTeX Font Info:    Try loading font information for TS1+lmr on input line 71.
(/usr/share/texmf/tex/latex/lm/ts1lmr.fd
File: ts1lmr.fd 2007/01/14 v1.3 Font defs for Latin Modern
) [1

] [2] [3]
<plus.pdf, id=45, 361.35pt x 162.98792pt>
File: plus.pdf Graphic file (type pdf)
 <use plus.pdf>
<Jordan.pdf, id=46, 361.35pt x 363.9166pt>
File: Jordan.pdf Graphic file (type pdf)
 <use Jordan.pdf> [4 <./plus.pdf>]
File: plus.pdf Graphic file (type pdf)

<use plus.pdf> <null.pdf, id=70, 361.35pt x 162.98792pt>
File: null.pdf Graphic file (type pdf)
 <use null.pdf>
<minus.pdf, id=71, 361.35pt x 162.98792pt>
File: minus.pdf Graphic file (type pdf)
 <use minus.pdf>

LaTeX Warning: `h' float specifier changed to `ht'.

<residue.pdf, id=72, 361.35pt x 145.63809pt>
File: residue.pdf Graphic file (type pdf)
 <use residue.pdf>

LaTeX Warning: `h' float specifier changed to `ht'.

[5 <./Jordan.pdf>] <landau.pdf, id=98, 794.97pt x 614.295pt>
File: landau.pdf Graphic file (type pdf)
 <use landau.pdf>
<real.pdf, id=99, 794.97pt x 614.295pt>
File: real.pdf Graphic file (type pdf)
 <use real.pdf> [6 <./null.pdf> <./minus.pdf>]

LaTeX Warning: `h' float specifier changed to `ht'.

[7 <./residue.pdf> <./landau.pdf, page is rotated 90 degrees>] [8 <./real.pdf, 
page is rotated 90 degrees>]
LaTeX Font Info:    External font `lmex10' loaded for size
(Font)              <12> on input line 312.
LaTeX Font Info:    External font `lmex10' loaded for size
(Font)              <9> on input line 332.
LaTeX Font Info:    External font `lmex10' loaded for size
(Font)              <5> on input line 332.
 [9]
<plasma-regimes+caption.png, id=192, 728.7225pt x 615.0478pt>
File: plasma-regimes+caption.png Graphic file (type png)

<use plasma-regimes+caption.png> [10] [11 </home/Docs5/anna.hauber/linuxhome/Pi
ctures/plasma-regimes+caption.png (PNG copy)>]
<approx.pdf, id=199, 794.97pt x 614.295pt>
File: approx.pdf Graphic file (type pdf)
 <use approx.pdf> [12] [13 <./approx.pdf, page is rotated 90 degrees>] [14] [15
]
<limits.pdf, id=221, 794.97pt x 614.295pt>
File: limits.pdf Graphic file (type pdf)
 <use limits.pdf>
<pole.png, id=222, 1104.125pt x 853.1875pt>
File: pole.png Graphic file (type png)
 <use pole.png>
<pole2.png, id=223, 1104.125pt x 853.1875pt>
File: pole2.png Graphic file (type png)
 <use pole2.png>

LaTeX Warning: `h' float specifier changed to `ht'.

[16 <./limits.pdf, page is rotated 90 degrees>] [17 <./pole.png (PNG copy)> <./
pole2.png (PNG copy)>] <VPFDdebye.pdf, id=239, 794.97pt x 614.295pt>
File: VPFDdebye.pdf Graphic file (type pdf)

<use VPFDdebye.pdf> (./VPFDTF.tex
LaTeX Font Info:    Try loading font information for T1+Times on input line 4.
LaTeX Font Info:    No file T1Times.fd. on input line 4.


LaTeX Font Warning: Font shape `T1/Times/m/n' undefined
(Font)              using `T1/cmr/m/n' instead on input line 4.

<VPFDTF.pdf, id=240, 361.35pt x 252.945pt>
File: VPFDTF.pdf Graphic file (type pdf)
 <use VPFDTF.pdf>) [18 <./VPFDdebye.pdf, page is rotated 90 degrees>] [19 <./VP
FDTF.pdf>] [20] [21

] (./Efmu.tex
<Efmu2.pdf, id=267, 361.35pt x 252.945pt>
File: Efmu2.pdf Graphic file (type pdf)
 <use Efmu2.pdf>) [22] [23 <./Efmu2.pdf>]
Overfull \hbox (19.22322pt too wide) detected at line 855
\OML/lmm/m/it/10.95 " \OT1/lmr/m/n/10.95 = 1 \OMS/lmsy/m/n/10.95 ^^@ \OML/lmm/m
/it/10.95 A [] [] []|
 []


Overfull \hbox (6.2819pt too wide) detected at line 878
\OML/lmm/m/it/10.95 "[] \OT1/lmr/m/n/10.95 = \OMS/lmsy/m/n/10.95 ^^@\OT1/lmr/m/
n/10.95 2\OML/lmm/m/it/10.95 ^^YI A [] ;|
 []

[24]
Overfull \hbox (26.18585pt too wide) detected at line 960
[] \OML/lmm/m/it/10.95 i[]\OT1/lmr/m/n/10.95 (\OML/lmm/m/it/10.95 u; x\OT1/lmr/
m/n/10.95 ) = [] [][] [] [] = \OMS/lmsy/m/n/10.95 ^^@[]|
 []

[25]
Overfull \hbox (46.74632pt too wide) detected at line 982
\OML/lmm/m/it/10.95 I[]\OT1/lmr/m/n/10.95 (\OML/lmm/m/it/10.95 x\OT1/lmr/m/n/10
.95 ) \OMS/lmsy/m/n/10.95 ^^Y ^^@[] []  \OT1/lmr/m/n/10.95 d\OML/lmm/m/it/10.95
 u  [] [] \OT1/lmr/m/n/10.95 = \OMS/lmsy/m/n/10.95 ^^@[] []  \OT1/lmr/m/n/10.95
 d\OML/lmm/m/it/10.95 u  [] [] :|
 []

(./integralax.tex <integralax.pdf, id=285, 361.35pt x 252.945pt>
File: integralax.pdf Graphic file (type pdf)

<use integralax.pdf>) [26 <./integralax.pdf>]
Overfull \hbox (14.09592pt too wide) in paragraph at lines 1053--1053
[]  |
 []


Overfull \hbox (30.18414pt too wide) in paragraph at lines 1071--1071
[]  |
 []

(./plots/lindhardsingularities.tex
<plots/lindhardsingularities.pdf, id=292, 361.35pt x 252.945pt>
File: plots/lindhardsingularities.pdf Graphic file (type pdf)

<use plots/lindhardsingularities.pdf>) [27] (./plots/signmatrix.tex
<plots/signmatrix.pdf, id=297, 361.35pt x 252.945pt>
File: plots/signmatrix.pdf Graphic file (type pdf)

<use plots/signmatrix.pdf>) [28 <./plots/lindhardsingularities.pdf>]

LaTeX Font Warning: Command \scriptsize invalid in math mode on input line 1147
.


LaTeX Font Warning: Command \scriptsize invalid in math mode on input line 1154
.


LaTeX Font Warning: Command \scriptsize invalid in math mode on input line 1161
.


LaTeX Font Warning: Command \scriptsize invalid in math mode on input line 1167
.



pdfTeX warning: pdflatex (file ./plots/iminveps-T0.pdf): PDF inclusion: found P
DF version <1.5>, but at most version <1.4> allowed
<plots/iminveps-T0.pdf, id=307, 284.06125pt x 284.06125pt>
File: plots/iminveps-T0.pdf Graphic file (type pdf)

<use plots/iminveps-T0.pdf>

pdfTeX warning: pdflatex (file ./plots/iminveps-kbTEf.pdf): PDF inclusion: foun
d PDF version <1.5>, but at most version <1.4> allowed
<plots/iminveps-kbTEf.pdf, id=308, 284.06125pt x 284.06125pt>
File: plots/iminveps-kbTEf.pdf Graphic file (type pdf)

<use plots/iminveps-kbTEf.pdf> [29 <./plots/signmatrix.pdf>]
LaTeX Font Info:    External font `lmex10' loaded for size
(Font)              <14.4> on input line 1225.
LaTeX Font Info:    External font `lmex10' loaded for size
(Font)              <10> on input line 1225.
LaTeX Font Info:    External font `lmex10' loaded for size
(Font)              <7> on input line 1225.
 [30 <./plots/iminveps-T0.pdf

pdfTeX warning: pdflatex (file ./plots/iminveps-T0.pdf): PDF inclusion: Page Gr
oup detected which pdfTeX can't handle. Ignoring it.
> <./plots/iminveps-kbTEf.pdf

pdfTeX warning: pdflatex (file ./plots/iminveps-kbTEf.pdf): PDF inclusion: Page
 Group detected which pdfTeX can't handle. Ignoring it.
>] [31] <sumrule.pdf, id=340, 794.97pt x 614.295pt>
File: sumrule.pdf Graphic file (type pdf)
 <use sumrule.pdf> [32 <./sumrule.pdf, page is rotated 90 degrees>]
<plots/sumrule-nonzero.pdf, id=355, 794.97pt x 614.295pt>
File: plots/sumrule-nonzero.pdf Graphic file (type pdf)

<use plots/sumrule-nonzero.pdf> [33 <./plots/sumrule-nonzero.pdf, page is rotat
ed 90 degrees>]
Chapter 2.
<plots/electron-electron-interaction.pdf, id=364, 107.6536pt x 125.28595pt>
File: plots/electron-electron-interaction.pdf Graphic file (type pdf)

<use plots/electron-electron-interaction.pdf>
File: plots/electron-electron-interaction.pdf Graphic file (type pdf)

<use plots/electron-electron-interaction.pdf> [34

]
Overfull \hbox (118.11052pt too wide) in paragraph at lines 1445--1445
[]  |
 []


Overfull \hbox (93.24324pt too wide) in paragraph at lines 1469--1469
[]  |
 []

[35 <./plots/electron-electron-interaction.pdf

pdfTeX warning: pdflatex (file ./plots/electron-electron-interaction.pdf): PDF 
inclusion: Page Group detected which pdfTeX can't handle. Ignoring it.
>]
Overfull \hbox (48.40578pt too wide) in paragraph at lines 1545--1545
[]  |
 []

[36] [37] <plots/selfenergy-integrand2.pdf, id=380, 615.86624pt x 396.20091pt>
File: plots/selfenergy-integrand2.pdf Graphic file (type pdf)

<use plots/selfenergy-integrand2.pdf>
Overfull \hbox (156.4899pt too wide) in paragraph at lines 1694--1695
 [] |
 []

<plots/plasmoncreation.pdf, id=381, 794.97pt x 614.295pt>
File: plots/plasmoncreation.pdf Graphic file (type pdf)

<use plots/plasmoncreation.pdf> [38] [39 <./plots/selfenergy-integrand2.pdf

pdfTeX warning: pdflatex (file ./plots/selfenergy-integrand2.pdf): PDF inclusio
n: Page Group detected which pdfTeX can't handle. Ignoring it.
>] [40 <./plots/plasmoncreation.pdf, page is rotated 90 degrees>]
<plots/selfenergyT0-total.pdf, id=411, 794.97pt x 614.295pt>
File: plots/selfenergyT0-total.pdf Graphic file (type pdf)

<use plots/selfenergyT0-total.pdf> [41 <./plots/selfenergyT0-total.pdf, page is
 rotated 90 degrees>] [42]
<plots/Mobility-angles.pdf, id=424, 281.1913pt x 249.11577pt>
File: plots/Mobility-angles.pdf Graphic file (type pdf)

<use plots/Mobility-angles.pdf> [43

 <./plots/Mobility-angles.pdf

pdfTeX warning: pdflatex (file ./plots/Mobility-angles.pdf): PDF inclusion: Pag
e Group detected which pdfTeX can't handle. Ignoring it.
>]
Underfull \hbox (badness 10000) in paragraph at lines 1943--1943
[]\T1/lmr/m/n/10.95 Table 2.1: The four low-est or-der Leg-en-dre poly-no-mi-al
s,
 []

[44] [45] [46]
Overfull \hbox (38.94672pt too wide) detected at line 2095
\OML/lmm/m/it/10.95 LHS \OT1/lmr/m/n/10.95 = [] [] = [] [] []|
 []

[47] [48]
Overfull \hbox (49.03798pt too wide) in paragraph at lines 2301--2301
[]  |
 []

[49] [50] [51]
Overfull \hbox (39.42307pt too wide) in paragraph at lines 2463--2463
[]  |
 []


Overfull \hbox (42.72339pt too wide) in paragraph at lines 2510--2510
[]  |
 []

[52] [53] <plots/Boltzmann-angles.pdf, id=471, 281.1913pt x 249.11577pt>
File: plots/Boltzmann-angles.pdf Graphic file (type pdf)

<use plots/Boltzmann-angles.pdf> [54 <./plots/Boltzmann-angles.pdf

pdfTeX warning: pdflatex (file ./plots/Boltzmann-angles.pdf): PDF inclusion: Pa
ge Group detected which pdfTeX can't handle. Ignoring it.
>] [55]
Overfull \hbox (7.88927pt too wide) in paragraph at lines 2819--2819
[]  |
 []

[56]
Overfull \hbox (5.04613pt too wide) in paragraph at lines 2909--2909
[]  |
 []

[57]
Overfull \hbox (30.91537pt too wide) in paragraph at lines 2939--2939
[]  |
 []

[58] <plots/tauLOiteration.pdf, id=526, 794.97pt x 614.295pt>
File: plots/tauLOiteration.pdf Graphic file (type pdf)

<use plots/tauLOiteration.pdf> [59] (./plots/plasma-cutoff.tex
<plots/plasma-cutoff.pdf, id=530, 361.35pt x 252.945pt>
File: plots/plasma-cutoff.pdf Graphic file (type pdf)

<use plots/plasma-cutoff.pdf>) [60 <./plots/tauLOiteration.pdf, page is rotated
 90 degrees>] [61 <./plots/plasma-cutoff.pdf>] [62]
Appendix A.
[63


]
Bibliography .
(./landauwriteup.bbl
LaTeX Font Info:    Try loading font information for T1+lmtt on input line 13.
 (/usr/share/texmf/tex/latex/lm/t1lmtt.fd
File: t1lmtt.fd 2007/01/14 v1.3 Font defs for Latin Modern
) [64



] [65])
Setting bibliography style to ieeetr [66] (./landauwriteup.aux)

LaTeX Font Warning: Some font shapes were not available, defaults substituted.


LaTeX Warning: There were multiply-defined labels.

 )
(\end occurred inside a group at level 1)

### simple group (level 1) entered at line 801 ({)
### bottom level 
Here is how much of TeX's memory you used:
 6509 strings out of 256216
 82981 string characters out of 1917072
 144371 words of memory out of 1500000
 9536 multiletter control sequences out of 10000+200000
 112125 words of font info for 106 fonts, out of 1200000 for 2000
 669 hyphenation exceptions out of 8191
 34i,25n,45p,1242b,515s stack positions out of 5000i,500n,6000p,200000b,15000s
{/usr/share/texmf/fonts/enc/dvips/lm/lm-ec.enc}{/usr/share/texm
f/fonts/enc/dvips/lm/lm-mathsy.enc}{/usr/share/texmf/fonts/enc/dvips/lm/lm-rm.e
nc}{/usr/share/texmf/fonts/enc/dvips/lm/lm-mathit.enc} </home/Docs5/anna.hauber
/linuxhome/.texlive2007/texmf-var/fonts/pk/ljfour/jknappen/ec/ecrm1095.600pk>{/
usr/share/texmf/fonts/enc/dvips/lm/lm-mathex.enc}{/usr/share/texmf/fonts/enc/dv
ips/lm/lm-ts1.enc} </home/Docs5/anna.hauber/linuxhome/texmf/fonts/pk/ljfour/ucc
/uccnew.864pk></usr/share/texmf/fonts/type1/bluesky/ams/eufm10.pfb></usr/share/
texmf/fonts/type1/bluesky/ams/eufm7.pfb></usr/share/texmf/fonts/type1/public/lm
/lmbx10.pfb></usr/share/texmf/fonts/type1/public/lm/lmbx12.pfb></usr/share/texm
f/fonts/type1/public/lm/lmcsc10.pfb></usr/share/texmf/fonts/type1/public/lm/lme
x10.pfb></usr/share/texmf/fonts/type1/public/lm/lmmi10.pfb></usr/share/texmf/fo
nts/type1/public/lm/lmmi12.pfb></usr/share/texmf/fonts/type1/public/lm/lmmi6.pf
b></usr/share/texmf/fonts/type1/public/lm/lmmi8.pfb></usr/share/texmf/fonts/typ
e1/public/lm/lmmi9.pfb></usr/share/texmf/fonts/type1/public/lm/lmr10.pfb></usr/
share/texmf/fonts/type1/public/lm/lmr12.pfb></usr/share/texmf/fonts/type1/publi
c/lm/lmr17.pfb></usr/share/texmf/fonts/type1/public/lm/lmr6.pfb></usr/share/tex
mf/fonts/type1/public/lm/lmr8.pfb></usr/share/texmf/fonts/type1/public/lm/lmr9.
pfb></usr/share/texmf/fonts/type1/public/lm/lmri10.pfb></usr/share/texmf/fonts/
type1/public/lm/lmri9.pfb></usr/share/texmf/fonts/type1/public/lm/lmsy10.pfb></
usr/share/texmf/fonts/type1/public/lm/lmsy6.pfb></usr/share/texmf/fonts/type1/p
ublic/lm/lmsy8.pfb></usr/share/texmf/fonts/type1/public/lm/lmtt10.pfb></usr/sha
re/texmf/fonts/type1/bluesky/ams/msbm10.pfb></usr/share/texmf/fonts/type1/blues
ky/ams/msbm7.pfb>
Output written on landauwriteup.pdf (70 pages, 9143348 bytes).
PDF statistics:
 697 PDF objects out of 1000 (max. 8388607)
 0 named destinations out of 1000 (max. 131072)
 151 words of extra memory for PDF output out of 10000 (max. 10000000)

